TN:
SF:/Users/jake/GitHub/Keyframes/dist/keyframes.js
FN:3,(anonymous_0)
FN:4,(anonymous_1)
FN:8,(anonymous_2)
FN:9,(anonymous_3)
FN:10,fulfilled
FN:17,rejected
FN:24,step
FN:26,(anonymous_7)
FN:32,(anonymous_8)
FN:35,(anonymous_9)
FN:46,(anonymous_10)
FN:49,verb
FN:50,(anonymous_12)
FN:51,(anonymous_13)
FN:110,(anonymous_14)
FN:128,(anonymous_15)
FN:133,__export
FN:137,(anonymous_17)
FN:147,(anonymous_18)
FN:148,(anonymous_19)
FN:149,(anonymous_20)
FN:161,(anonymous_21)
FN:163,(anonymous_22)
FN:163,(anonymous_23)
FN:168,(anonymous_24)
FN:169,Keyframes
FN:182,(anonymous_26)
FN:184,(anonymous_27)
FN:188,(anonymous_28)
FN:192,(anonymous_29)
FN:194,(anonymous_30)
FN:197,(anonymous_31)
FN:198,(anonymous_32)
FN:199,(anonymous_33)
FN:210,(anonymous_34)
FN:212,(anonymous_35)
FN:214,(anonymous_36)
FN:220,(anonymous_37)
FN:221,(anonymous_38)
FN:222,(anonymous_39)
FN:234,addEvent
FN:242,(anonymous_41)
FN:245,(anonymous_42)
FN:249,(anonymous_43)
FN:255,(anonymous_44)
FN:261,(anonymous_45)
FN:263,(anonymous_46)
FN:271,(anonymous_47)
FN:273,(anonymous_48)
FN:274,(anonymous_49)
FN:275,(anonymous_50)
FN:288,(anonymous_51)
FN:289,(anonymous_52)
FN:291,(anonymous_53)
FN:297,(anonymous_54)
FN:299,(anonymous_55)
FN:307,(anonymous_56)
FN:309,(anonymous_57)
FN:312,(anonymous_58)
FN:313,animObjToStr
FN:332,(anonymous_60)
FN:339,(anonymous_61)
FN:345,(anonymous_62)
FN:347,(anonymous_63)
FN:353,(anonymous_64)
FN:355,(anonymous_65)
FN:357,(anonymous_66)
FN:362,(anonymous_67)
FN:365,(anonymous_68)
FNF:69
FNH:24
FNDA:1,(anonymous_0)
FNDA:0,(anonymous_1)
FNDA:0,(anonymous_2)
FNDA:0,(anonymous_3)
FNDA:0,fulfilled
FNDA:0,rejected
FNDA:0,step
FNDA:0,(anonymous_7)
FNDA:0,(anonymous_8)
FNDA:0,(anonymous_9)
FNDA:0,(anonymous_10)
FNDA:0,verb
FNDA:0,(anonymous_12)
FNDA:0,(anonymous_13)
FNDA:3,(anonymous_14)
FNDA:3,(anonymous_15)
FNDA:2,__export
FNDA:2,(anonymous_17)
FNDA:0,(anonymous_18)
FNDA:0,(anonymous_19)
FNDA:0,(anonymous_20)
FNDA:3,(anonymous_21)
FNDA:2,(anonymous_22)
FNDA:4,(anonymous_23)
FNDA:1,(anonymous_24)
FNDA:2,Keyframes
FNDA:0,(anonymous_26)
FNDA:0,(anonymous_27)
FNDA:0,(anonymous_28)
FNDA:0,(anonymous_29)
FNDA:0,(anonymous_30)
FNDA:0,(anonymous_31)
FNDA:0,(anonymous_32)
FNDA:0,(anonymous_33)
FNDA:0,(anonymous_34)
FNDA:0,(anonymous_35)
FNDA:2,(anonymous_36)
FNDA:0,(anonymous_37)
FNDA:0,(anonymous_38)
FNDA:0,(anonymous_39)
FNDA:4,addEvent
FNDA:0,(anonymous_41)
FNDA:2,(anonymous_42)
FNDA:0,(anonymous_43)
FNDA:0,(anonymous_44)
FNDA:3,(anonymous_45)
FNDA:3,(anonymous_46)
FNDA:0,(anonymous_47)
FNDA:0,(anonymous_48)
FNDA:0,(anonymous_49)
FNDA:0,(anonymous_50)
FNDA:0,(anonymous_51)
FNDA:0,(anonymous_52)
FNDA:0,(anonymous_53)
FNDA:0,(anonymous_54)
FNDA:0,(anonymous_55)
FNDA:2,(anonymous_56)
FNDA:0,(anonymous_57)
FNDA:3,(anonymous_58)
FNDA:1,animObjToStr
FNDA:3,(anonymous_60)
FNDA:0,(anonymous_61)
FNDA:0,(anonymous_62)
FNDA:2,(anonymous_63)
FNDA:1,(anonymous_64)
FNDA:3,(anonymous_65)
FNDA:2,(anonymous_66)
FNDA:7,(anonymous_67)
FNDA:0,(anonymous_68)
DA:3,1
DA:4,1
DA:5,0
DA:6,0
DA:8,1
DA:9,0
DA:11,0
DA:12,0
DA:14,0
DA:18,0
DA:19,0
DA:21,0
DA:26,0
DA:27,0
DA:30,0
DA:32,1
DA:33,0
DA:36,0
DA:37,0
DA:42,0
DA:47,0
DA:50,0
DA:51,0
DA:52,0
DA:53,0
DA:54,0
DA:55,0
DA:56,0
DA:59,0
DA:60,0
DA:63,0
DA:69,0
DA:70,0
DA:73,0
DA:74,0
DA:77,0
DA:78,0
DA:79,0
DA:81,0
DA:82,0
DA:83,0
DA:85,0
DA:86,0
DA:87,0
DA:89,0
DA:90,0
DA:91,0
DA:93,0
DA:94,0
DA:96,0
DA:98,0
DA:100,0
DA:102,0
DA:103,0
DA:110,1
DA:111,3
DA:112,3
DA:113,3
DA:114,3
DA:115,4
DA:117,0
DA:121,3
DA:122,3
DA:124,3
DA:127,3
DA:128,1
DA:129,3
DA:130,3
DA:134,4
DA:137,1
DA:138,2
DA:143,1
DA:147,1
DA:148,0
DA:149,0
DA:150,0
DA:155,1
DA:156,0
DA:157,0
DA:161,1
DA:162,3
DA:163,1
DA:164,4
DA:165,4
DA:166,4
DA:167,4
DA:168,1
DA:170,2
DA:182,1
DA:183,0
DA:185,0
DA:186,0
DA:187,0
DA:188,0
DA:189,0
DA:193,0
DA:194,0
DA:195,0
DA:198,0
DA:199,0
DA:200,0
DA:202,0
DA:206,0
DA:211,0
DA:213,0
DA:215,2
DA:216,2
DA:217,2
DA:218,2
DA:219,0
DA:221,0
DA:222,0
DA:223,0
DA:225,0
DA:228,0
DA:233,2
DA:235,4
DA:236,4
DA:239,2
DA:240,2
DA:243,0
DA:246,2
DA:247,2
DA:250,0
DA:256,0
DA:262,3
DA:264,3
DA:265,3
DA:266,3
DA:267,3
DA:268,3
DA:272,0
DA:274,0
DA:275,0
DA:276,0
DA:278,0
DA:281,0
DA:284,0
DA:289,0
DA:290,0
DA:291,0
DA:292,0
DA:294,0
DA:297,0
DA:298,0
DA:300,0
DA:308,2
DA:309,2
DA:310,0
DA:314,1
DA:322,1
DA:324,3
DA:325,0
DA:326,0
DA:327,0
DA:329,0
DA:331,3
DA:333,3
DA:334,3
DA:335,7
DA:337,3
DA:340,0
DA:341,0
DA:342,0
DA:343,0
DA:344,0
DA:346,0
DA:348,2
DA:349,2
DA:350,1
DA:352,1
DA:354,1
DA:355,1
DA:356,3
DA:358,2
DA:360,1
DA:363,7
DA:366,0
DA:370,1
LF:179
LH:71
BRDA:3,0,0,1
BRDA:3,0,1,1
BRDA:3,0,2,1
BRDA:4,1,0,1
BRDA:4,1,1,0
BRDA:5,2,0,0
BRDA:5,2,1,0
BRDA:8,3,0,1
BRDA:8,3,1,1
BRDA:8,3,2,1
BRDA:9,4,0,0
BRDA:9,4,1,0
BRDA:26,5,0,0
BRDA:26,5,1,0
BRDA:26,6,0,0
BRDA:26,6,1,0
BRDA:30,7,0,0
BRDA:30,7,1,0
BRDA:32,8,0,1
BRDA:32,8,1,1
BRDA:32,8,2,1
BRDA:36,9,0,0
BRDA:36,9,1,0
BRDA:46,10,0,0
BRDA:46,10,1,0
BRDA:52,11,0,0
BRDA:52,11,1,0
BRDA:54,12,0,0
BRDA:54,12,1,0
BRDA:54,13,0,0
BRDA:54,13,1,0
BRDA:54,13,2,0
BRDA:54,14,0,0
BRDA:54,14,1,0
BRDA:54,15,0,0
BRDA:54,15,1,0
BRDA:54,16,0,0
BRDA:54,16,1,0
BRDA:54,17,0,0
BRDA:54,17,1,0
BRDA:56,18,0,0
BRDA:56,18,1,0
BRDA:56,18,2,0
BRDA:56,18,3,0
BRDA:56,18,4,0
BRDA:56,18,5,0
BRDA:56,19,0,0
BRDA:56,19,1,0
BRDA:77,20,0,0
BRDA:77,20,1,0
BRDA:77,21,0,0
BRDA:77,21,1,0
BRDA:77,21,2,0
BRDA:77,22,0,0
BRDA:77,22,1,0
BRDA:81,23,0,0
BRDA:81,23,1,0
BRDA:81,24,0,0
BRDA:81,24,1,0
BRDA:81,24,2,0
BRDA:81,24,3,0
BRDA:85,25,0,0
BRDA:85,25,1,0
BRDA:85,26,0,0
BRDA:85,26,1,0
BRDA:89,27,0,0
BRDA:89,27,1,0
BRDA:89,28,0,0
BRDA:89,28,1,0
BRDA:93,29,0,0
BRDA:93,29,1,0
BRDA:102,30,0,0
BRDA:102,30,1,0
BRDA:104,31,0,0
BRDA:104,31,1,0
BRDA:110,32,0,1
BRDA:110,32,1,1
BRDA:110,32,2,1
BRDA:111,33,0,3
BRDA:111,33,1,3
BRDA:112,34,0,0
BRDA:112,34,1,3
BRDA:115,35,0,7
BRDA:115,35,1,0
BRDA:115,35,2,7
BRDA:122,36,0,3
BRDA:122,36,1,3
BRDA:122,36,2,0
BRDA:122,36,3,0
BRDA:124,37,0,0
BRDA:124,37,1,3
BRDA:128,38,0,1
BRDA:128,38,1,1
BRDA:128,38,2,1
BRDA:134,39,0,4
BRDA:134,39,1,4
BRDA:137,40,0,1
BRDA:137,40,1,1
BRDA:137,40,2,1
BRDA:138,41,0,0
BRDA:138,41,1,2
BRDA:138,42,0,2
BRDA:138,42,1,2
BRDA:155,43,0,0
BRDA:155,43,1,1
BRDA:162,44,0,2
BRDA:162,44,1,1
BRDA:162,45,0,0
BRDA:162,45,1,1
BRDA:164,46,0,0
BRDA:164,46,1,4
BRDA:170,47,0,2
BRDA:170,47,1,2
BRDA:186,48,0,0
BRDA:186,48,1,0
BRDA:194,49,0,0
BRDA:194,49,1,0
BRDA:200,50,0,0
BRDA:200,50,1,0
BRDA:217,51,0,2
BRDA:217,51,1,0
BRDA:217,52,0,2
BRDA:217,52,1,0
BRDA:217,53,0,2
BRDA:217,53,1,0
BRDA:217,54,0,0
BRDA:217,54,1,2
BRDA:217,55,0,0
BRDA:217,55,1,2
BRDA:217,56,0,0
BRDA:217,56,1,2
BRDA:218,57,0,0
BRDA:218,57,1,2
BRDA:218,58,0,2
BRDA:218,58,1,0
BRDA:218,59,0,0
BRDA:218,59,1,0
BRDA:219,60,0,2
BRDA:219,60,1,2
BRDA:223,61,0,0
BRDA:223,61,1,0
BRDA:240,62,0,2
BRDA:240,62,1,0
BRDA:241,63,0,2
BRDA:241,63,1,2
BRDA:242,64,0,2
BRDA:242,64,1,2
BRDA:244,65,0,2
BRDA:244,65,1,0
BRDA:247,66,0,2
BRDA:247,66,1,0
BRDA:248,67,0,2
BRDA:248,67,1,0
BRDA:250,68,0,0
BRDA:250,68,1,0
BRDA:254,69,0,0
BRDA:254,69,1,0
BRDA:262,70,0,3
BRDA:262,70,1,0
BRDA:268,71,0,2
BRDA:268,71,1,1
BRDA:269,72,0,3
BRDA:269,72,1,2
BRDA:269,73,0,2
BRDA:269,73,1,2
BRDA:276,74,0,0
BRDA:276,74,1,0
BRDA:276,74,2,0
BRDA:289,75,0,0
BRDA:289,75,1,0
BRDA:292,76,0,0
BRDA:292,76,1,0
BRDA:309,77,0,0
BRDA:309,77,1,2
BRDA:311,78,0,2
BRDA:311,78,1,0
BRDA:324,79,0,0
BRDA:324,79,1,3
BRDA:327,80,0,0
BRDA:327,80,1,0
BRDA:331,81,0,2
BRDA:331,81,1,1
BRDA:335,82,0,4
BRDA:335,82,1,3
BRDA:335,83,0,7
BRDA:335,83,1,4
BRDA:335,83,2,4
BRDA:337,84,0,3
BRDA:337,84,1,0
BRDA:342,85,0,0
BRDA:342,85,1,0
BRDA:343,86,0,0
BRDA:343,86,1,0
BRDA:346,87,0,0
BRDA:346,87,1,0
BRDA:348,88,0,1
BRDA:348,88,1,1
BRDA:354,89,0,1
BRDA:354,89,1,0
BRDA:370,90,0,1
BRDA:370,90,1,0
BRF:201
BRH:79
end_of_record
TN:
SF:/Users/jake/GitHub/Keyframes/dist/pathfinder.js
FN:2,(anonymous_0)
FN:3,(anonymous_1)
FN:15,getCirclePoint
FN:21,(anonymous_3)
FN:26,(anonymous_4)
FN:27,(anonymous_5)
FN:28,(anonymous_6)
FN:29,(anonymous_7)
FN:30,(anonymous_8)
FN:36,(anonymous_9)
FN:53,(anonymous_10)
FNF:11
FNH:0
FNDA:0,(anonymous_0)
FNDA:0,(anonymous_1)
FNDA:0,getCirclePoint
FNDA:0,(anonymous_3)
FNDA:0,(anonymous_4)
FNDA:0,(anonymous_5)
FNDA:0,(anonymous_6)
FNDA:0,(anonymous_7)
FNDA:0,(anonymous_8)
FNDA:0,(anonymous_9)
FNDA:0,(anonymous_10)
DA:2,1
DA:3,0
DA:4,0
DA:5,0
DA:6,0
DA:7,0
DA:9,0
DA:11,0
DA:13,1
DA:14,1
DA:16,0
DA:21,1
DA:22,0
DA:23,0
DA:24,0
DA:26,1
DA:27,1
DA:28,1
DA:29,1
DA:30,1
DA:31,0
DA:32,0
DA:33,0
DA:34,0
DA:36,1
DA:37,0
DA:38,0
DA:39,0
DA:41,0
DA:42,0
DA:43,0
DA:44,0
DA:45,0
DA:46,0
DA:47,0
DA:48,0
DA:49,0
DA:51,0
DA:53,1
DA:54,0
DA:55,0
DA:56,0
DA:57,0
DA:58,0
DA:59,0
DA:60,0
DA:61,0
DA:62,0
DA:63,0
DA:64,0
DA:65,0
DA:67,0
DA:68,0
DA:69,0
DA:70,0
DA:71,0
DA:72,0
DA:73,0
DA:74,0
DA:79,0
DA:81,1
DA:82,0
DA:83,0
DA:84,0
DA:85,0
LF:65
LH:12
BRDA:2,0,0,1
BRDA:2,0,1,1
BRDA:2,0,2,1
BRDA:3,1,0,0
BRDA:3,1,1,0
BRDA:6,2,0,0
BRDA:6,2,1,0
BRDA:22,3,0,0
BRDA:22,3,1,0
BRDA:23,4,0,0
BRDA:23,4,1,0
BRDA:38,5,0,0
BRDA:38,5,1,0
BRDA:71,6,0,0
BRDA:71,6,1,0
BRDA:72,7,0,0
BRDA:72,7,1,0
BRDA:72,8,0,0
BRDA:72,8,1,0
BRDA:81,9,0,0
BRDA:81,9,1,1
BRDA:83,10,0,0
BRDA:83,10,1,0
BRF:23
BRH:4
end_of_record
TN:
SF:/Users/jake/GitHub/Keyframes/dist/spritesheet.js
FN:2,(anonymous_0)
FN:3,(anonymous_1)
FN:13,(anonymous_2)
FN:26,(anonymous_3)
FN:54,(anonymous_4)
FNF:5
FNH:0
FNDA:0,(anonymous_0)
FNDA:0,(anonymous_1)
FNDA:0,(anonymous_2)
FNDA:0,(anonymous_3)
FNDA:0,(anonymous_4)
DA:2,1
DA:3,0
DA:4,0
DA:5,0
DA:6,0
DA:7,0
DA:9,0
DA:11,0
DA:13,1
DA:14,0
DA:15,0
DA:16,0
DA:17,0
DA:18,0
DA:19,0
DA:20,0
DA:22,0
DA:24,1
DA:25,1
DA:26,1
DA:27,0
DA:28,0
DA:36,0
DA:37,0
DA:38,0
DA:39,0
DA:40,0
DA:41,0
DA:42,0
DA:45,0
DA:46,0
DA:49,0
DA:52,0
DA:54,1
DA:55,0
DA:56,0
DA:57,0
DA:59,0
DA:61,1
DA:62,0
DA:63,0
DA:64,0
DA:65,0
LF:43
LH:7
BRDA:2,0,0,1
BRDA:2,0,1,1
BRDA:2,0,2,1
BRDA:3,1,0,0
BRDA:3,1,1,0
BRDA:6,2,0,0
BRDA:6,2,1,0
BRDA:13,3,0,1
BRDA:13,3,1,1
BRDA:13,3,2,1
BRDA:15,4,0,0
BRDA:15,4,1,0
BRDA:15,5,0,0
BRDA:15,5,1,0
BRDA:17,6,0,0
BRDA:17,6,1,0
BRDA:17,7,0,0
BRDA:17,7,1,0
BRDA:19,8,0,0
BRDA:19,8,1,0
BRDA:19,9,0,0
BRDA:19,9,1,0
BRDA:27,10,0,0
BRDA:27,10,1,0
BRDA:27,11,0,0
BRDA:27,11,1,0
BRDA:27,12,0,0
BRDA:27,12,1,0
BRDA:27,13,0,0
BRDA:27,13,1,0
BRDA:45,14,0,0
BRDA:45,14,1,0
BRDA:55,15,0,0
BRDA:55,15,1,0
BRDA:56,16,0,0
BRDA:56,16,1,0
BRDA:56,17,0,0
BRDA:56,17,1,0
BRDA:61,18,0,0
BRDA:61,18,1,1
BRDA:63,19,0,0
BRDA:63,19,1,0
BRF:42
BRH:7
end_of_record
